Flow report for ReCOP
Thu May 16 18:53:41 2024
Quartus Prime Version 18.1.0 Build 625 09/12/2018 SJ Standard Edition


---------------------
; Table of Contents ;
---------------------
  1. Legal Notice
  2. Flow Summary
  3. Flow Settings
  4. Flow Non-Default Global Settings
  5. Flow Elapsed Time
  6. Flow OS Summary
  7. Flow Log
  8. Flow Messages
  9. Flow Suppressed Messages



----------------
; Legal Notice ;
----------------
Copyright (C) 2018  Intel Corporation. All rights reserved.
Your use of Intel Corporation's design tools, logic functions 
and other software and tools, and its AMPP partner logic 
functions, and any output files from any of the foregoing 
(including device programming or simulation files), and any 
associated documentation or information are expressly subject 
to the terms and conditions of the Intel Program License 
Subscription Agreement, the Intel Quartus Prime License Agreement,
the Intel FPGA IP License Agreement, or other applicable license
agreement, including, without limitation, that your use is for
the sole purpose of programming logic devices manufactured by
Intel and sold by Intel or its authorized distributors.  Please
refer to the applicable agreement for further details.



+-----------------------------------------------------------------------------------+
; Flow Summary                                                                      ;
+---------------------------------+-------------------------------------------------+
; Flow Status                     ; Successful - Thu May 16 18:53:32 2024           ;
; Quartus Prime Version           ; 18.1.0 Build 625 09/12/2018 SJ Standard Edition ;
; Revision Name                   ; ReCOP                                           ;
; Top-level Entity Name           ; fetch_with_control                              ;
; Family                          ; Cyclone V                                       ;
; Device                          ; 5CSEMA5F31C6                                    ;
; Timing Models                   ; Final                                           ;
; Logic utilization (in ALMs)     ; 42 / 32,070 ( < 1 % )                           ;
; Total registers                 ; 92                                              ;
; Total pins                      ; 106 / 457 ( 23 % )                              ;
; Total virtual pins              ; 0                                               ;
; Total block memory bits         ; 0 / 4,065,280 ( 0 % )                           ;
; Total DSP Blocks                ; 0 / 87 ( 0 % )                                  ;
; Total HSSI RX PCSs              ; 0                                               ;
; Total HSSI PMA RX Deserializers ; 0                                               ;
; Total HSSI TX PCSs              ; 0                                               ;
; Total HSSI PMA TX Serializers   ; 0                                               ;
; Total PLLs                      ; 0 / 6 ( 0 % )                                   ;
; Total DLLs                      ; 0 / 4 ( 0 % )                                   ;
+---------------------------------+-------------------------------------------------+


+-----------------------------------------+
; Flow Settings                           ;
+-------------------+---------------------+
; Option            ; Setting             ;
+-------------------+---------------------+
; Start date & time ; 05/16/2024 18:52:06 ;
; Main task         ; Compilation         ;
; Revision Name     ; ReCOP               ;
+-------------------+---------------------+


+--------------------------------------------------------------------------------------------------------------------------------+
; Flow Non-Default Global Settings                                                                                               ;
+-------------------------------------+----------------------------------------+---------------+--------------------+------------+
; Assignment Name                     ; Value                                  ; Default Value ; Entity Name        ; Section Id ;
+-------------------------------------+----------------------------------------+---------------+--------------------+------------+
; COMPILER_SIGNATURE_ID               ; 224948461117244.171584232622056        ; --            ; --                 ; --         ;
; MAX_CORE_JUNCTION_TEMP              ; 85                                     ; --            ; --                 ; --         ;
; MIN_CORE_JUNCTION_TEMP              ; 0                                      ; --            ; --                 ; --         ;
; PARTITION_COLOR                     ; -- (Not supported for targeted family) ; --            ; fetch_with_control ; Top        ;
; PARTITION_FITTER_PRESERVATION_LEVEL ; -- (Not supported for targeted family) ; --            ; fetch_with_control ; Top        ;
; PARTITION_NETLIST_TYPE              ; -- (Not supported for targeted family) ; --            ; fetch_with_control ; Top        ;
; POWER_BOARD_THERMAL_MODEL           ; None (CONSERVATIVE)                    ; --            ; --                 ; --         ;
; POWER_PRESET_COOLING_SOLUTION       ; 23 MM HEAT SINK WITH 200 LFPM AIRFLOW  ; --            ; --                 ; --         ;
; PROJECT_OUTPUT_DIRECTORY            ; output_files                           ; --            ; --                 ; --         ;
; TOP_LEVEL_ENTITY                    ; fetch_with_control                     ; ReCOP         ; --                 ; --         ;
+-------------------------------------+----------------------------------------+---------------+--------------------+------------+


+--------------------------------------------------------------------------------------------------------------------------+
; Flow Elapsed Time                                                                                                        ;
+----------------------+--------------+-------------------------+---------------------+------------------------------------+
; Module Name          ; Elapsed Time ; Average Processors Used ; Peak Virtual Memory ; Total CPU Time (on all processors) ;
+----------------------+--------------+-------------------------+---------------------+------------------------------------+
; Analysis & Synthesis ; 00:00:09     ; 1.0                     ; 4896 MB             ; 00:00:04                           ;
; Fitter               ; 00:01:00     ; 1.0                     ; 8031 MB             ; 00:00:56                           ;
; Assembler            ; 00:00:08     ; 1.0                     ; 4841 MB             ; 00:00:02                           ;
; Timing Analyzer      ; 00:00:08     ; 1.1                     ; 5297 MB             ; 00:00:02                           ;
; Total                ; 00:01:25     ; --                      ; --                  ; 00:01:04                           ;
+----------------------+--------------+-------------------------+---------------------+------------------------------------+


+------------------------------------------------------------------------------------+
; Flow OS Summary                                                                    ;
+----------------------+------------------+------------+------------+----------------+
; Module Name          ; Machine Hostname ; OS Name    ; OS Version ; Processor type ;
+----------------------+------------------+------------+------------+----------------+
; Analysis & Synthesis ; EN441225         ; Windows 10 ; 10.0       ; x86_64         ;
; Fitter               ; EN441225         ; Windows 10 ; 10.0       ; x86_64         ;
; Assembler            ; EN441225         ; Windows 10 ; 10.0       ; x86_64         ;
; Timing Analyzer      ; EN441225         ; Windows 10 ; 10.0       ; x86_64         ;
+----------------------+------------------+------------+------------+----------------+


------------
; Flow Log ;
------------
quartus_map --read_settings_files=on --write_settings_files=off ReCOP -c ReCOP
quartus_fit --read_settings_files=off --write_settings_files=off ReCOP -c ReCOP
quartus_asm --read_settings_files=off --write_settings_files=off ReCOP -c ReCOP
quartus_sta ReCOP -c ReCOP



