Flow report for Nios_Sys_2A
Fri Mar 15 16:54:10 2024
Quartus Prime Version 18.1.0 Build 625 09/12/2018 SJ Standard Edition


---------------------
; Table of Contents ;
---------------------
  1. Legal Notice
  2. Flow Summary
  3. Flow Settings
  4. Flow Non-Default Global Settings
  5. Flow Elapsed Time
  6. Flow OS Summary
  7. Flow Log
  8. Flow Messages
  9. Flow Suppressed Messages



----------------
; Legal Notice ;
----------------
Copyright (C) 2018  Intel Corporation. All rights reserved.
Your use of Intel Corporation's design tools, logic functions 
and other software and tools, and its AMPP partner logic 
functions, and any output files from any of the foregoing 
(including device programming or simulation files), and any 
associated documentation or information are expressly subject 
to the terms and conditions of the Intel Program License 
Subscription Agreement, the Intel Quartus Prime License Agreement,
the Intel FPGA IP License Agreement, or other applicable license
agreement, including, without limitation, that your use is for
the sole purpose of programming logic devices manufactured by
Intel and sold by Intel or its authorized distributors.  Please
refer to the applicable agreement for further details.



+-----------------------------------------------------------------------------------+
; Flow Summary                                                                      ;
+---------------------------------+-------------------------------------------------+
; Flow Status                     ; Successful - Fri Mar 15 16:53:53 2024           ;
; Quartus Prime Version           ; 18.1.0 Build 625 09/12/2018 SJ Standard Edition ;
; Revision Name                   ; Nios_Sys_2A                                     ;
; Top-level Entity Name           ; Nios_Sys_2A                                     ;
; Family                          ; Cyclone V                                       ;
; Device                          ; 5CSEMA5F31C6                                    ;
; Timing Models                   ; Final                                           ;
; Logic utilization (in ALMs)     ; 1,572 / 32,070 ( 5 % )                          ;
; Total registers                 ; 2497                                            ;
; Total pins                      ; 100 / 457 ( 22 % )                              ;
; Total virtual pins              ; 0                                               ;
; Total block memory bits         ; 175,744 / 4,065,280 ( 4 % )                     ;
; Total DSP Blocks                ; 3 / 87 ( 3 % )                                  ;
; Total HSSI RX PCSs              ; 0                                               ;
; Total HSSI PMA RX Deserializers ; 0                                               ;
; Total HSSI TX PCSs              ; 0                                               ;
; Total HSSI PMA TX Serializers   ; 0                                               ;
; Total PLLs                      ; 1 / 6 ( 17 % )                                  ;
; Total DLLs                      ; 0 / 4 ( 0 % )                                   ;
+---------------------------------+-------------------------------------------------+


+-----------------------------------------+
; Flow Settings                           ;
+-------------------+---------------------+
; Option            ; Setting             ;
+-------------------+---------------------+
; Start date & time ; 03/15/2024 16:50:27 ;
; Main task         ; Compilation         ;
; Revision Name     ; Nios_Sys_2A         ;
+-------------------+---------------------+


+------------------------------------------------------------------------------------------------------------------------------------------------------+
; Flow Non-Default Global Settings                                                                                                                     ;
+-------------------------------------+------------------------------------------------------------------+---------------+----------------+------------+
; Assignment Name                     ; Value                                                            ; Default Value ; Entity Name    ; Section Id ;
+-------------------------------------+------------------------------------------------------------------+---------------+----------------+------------+
; COMPILER_SIGNATURE_ID               ; 224948462350153.171047462609856                                  ; --            ; --             ; --         ;
; MAX_CORE_JUNCTION_TEMP              ; 85                                                               ; --            ; --             ; --         ;
; MIN_CORE_JUNCTION_TEMP              ; 0                                                                ; --            ; --             ; --         ;
; MISC_FILE                           ; Nios_System_2A/synthesis/../Nios_System_2A.cmp                   ; --            ; --             ; --         ;
; MISC_FILE                           ; Nios_System_2A/synthesis/../../Nios_System_2A.qsys               ; --            ; --             ; --         ;
; PARTITION_COLOR                     ; -- (Not supported for targeted family)                           ; --            ; --             ; Top        ;
; PARTITION_FITTER_PRESERVATION_LEVEL ; -- (Not supported for targeted family)                           ; --            ; --             ; Top        ;
; PARTITION_NETLIST_TYPE              ; -- (Not supported for targeted family)                           ; --            ; --             ; Top        ;
; POWER_BOARD_THERMAL_MODEL           ; None (CONSERVATIVE)                                              ; --            ; --             ; --         ;
; POWER_PRESET_COOLING_SOLUTION       ; 23 MM HEAT SINK WITH 200 LFPM AIRFLOW                            ; --            ; --             ; --         ;
; PROJECT_OUTPUT_DIRECTORY            ; output_files                                                     ; --            ; --             ; --         ;
; SLD_FILE                            ; Nios_System_2A/synthesis/Nios_System_2A.regmap                   ; --            ; --             ; --         ;
; SLD_FILE                            ; Nios_System_2A/synthesis/Nios_System_2A.debuginfo                ; --            ; --             ; --         ;
; SLD_INFO                            ; QSYS_NAME Nios_System_2A HAS_SOPCINFO 1 GENERATION_ID 1710474041 ; --            ; Nios_System_2A ; --         ;
; SOPCINFO_FILE                       ; Nios_System_2A/synthesis/../../Nios_System_2A.sopcinfo           ; --            ; --             ; --         ;
; SYNTHESIS_ONLY_QIP                  ; On                                                               ; --            ; --             ; --         ;
+-------------------------------------+------------------------------------------------------------------+---------------+----------------+------------+


+--------------------------------------------------------------------------------------------------------------------------+
; Flow Elapsed Time                                                                                                        ;
+----------------------+--------------+-------------------------+---------------------+------------------------------------+
; Module Name          ; Elapsed Time ; Average Processors Used ; Peak Virtual Memory ; Total CPU Time (on all processors) ;
+----------------------+--------------+-------------------------+---------------------+------------------------------------+
; Analysis & Synthesis ; 00:00:54     ; 1.0                     ; 5155 MB             ; 00:00:15                           ;
; Fitter               ; 00:01:55     ; 1.1                     ; 8224 MB             ; 00:02:27                           ;
; Assembler            ; 00:00:09     ; 1.0                     ; 4897 MB             ; 00:00:05                           ;
; Timing Analyzer      ; 00:00:15     ; 1.9                     ; 5533 MB             ; 00:00:16                           ;
; Total                ; 00:03:13     ; --                      ; --                  ; 00:03:03                           ;
+----------------------+--------------+-------------------------+---------------------+------------------------------------+


+------------------------------------------------------------------------------------+
; Flow OS Summary                                                                    ;
+----------------------+------------------+------------+------------+----------------+
; Module Name          ; Machine Hostname ; OS Name    ; OS Version ; Processor type ;
+----------------------+------------------+------------+------------+----------------+
; Analysis & Synthesis ; EN453041         ; Windows 10 ; 10.0       ; x86_64         ;
; Fitter               ; EN453041         ; Windows 10 ; 10.0       ; x86_64         ;
; Assembler            ; EN453041         ; Windows 10 ; 10.0       ; x86_64         ;
; Timing Analyzer      ; EN453041         ; Windows 10 ; 10.0       ; x86_64         ;
+----------------------+------------------+------------+------------+----------------+


------------
; Flow Log ;
------------
quartus_map --read_settings_files=on --write_settings_files=off Nios_Sys_2A -c Nios_Sys_2A
quartus_fit --read_settings_files=off --write_settings_files=off Nios_Sys_2A -c Nios_Sys_2A
quartus_asm --read_settings_files=off --write_settings_files=off Nios_Sys_2A -c Nios_Sys_2A
quartus_sta Nios_Sys_2A -c Nios_Sys_2A



